<?xml version="1.0" encoding="UTF-8"?>
<testng-results ignored="0" total="2" passed="2" failed="0" skipped="0">
  <reporter-output>
  </reporter-output>
  <suite started-at="2024-02-06T15:13:39 WEST" name="Surefire suite" finished-at="2024-02-06T15:14:00 WEST" duration-ms="20922">
    <groups>
    </groups>
    <test started-at="2024-02-06T15:13:39 WEST" name="Surefire test" finished-at="2024-02-06T15:14:00 WEST" duration-ms="20922">
      <class name="Probook.NewTest">
        <test-method is-config="true" signature="beforeMethod()[pri:0, instance:Probook.NewTest@d6e7bab]" started-at="2024-02-06T15:13:39 WEST" name="beforeMethod" finished-at="2024-02-06T15:13:45 WEST" duration-ms="5875" status="PASS">
          <reporter-output>
          </reporter-output>
        </test-method> <!-- beforeMethod -->
        <test-method signature="Se_connecter(java.lang.String,java.lang.String)[pri:0, instance:Probook.NewTest@d6e7bab]" started-at="2024-02-06T15:13:45 WEST" name="Se_connecter" data-provider="Cas_passant" finished-at="2024-02-06T15:13:49 WEST" duration-ms="4087" status="PASS">
          <params>
            <param index="0">
              <value>
                <![CDATA[oussama]]>
              </value>
            </param>
            <param index="1">
              <value>
                <![CDATA[Afraid742]]>
              </value>
            </param>
          </params>
          <reporter-output>
          </reporter-output>
        </test-method> <!-- Se_connecter -->
        <test-method is-config="true" signature="afterMethod()[pri:0, instance:Probook.NewTest@d6e7bab]" started-at="2024-02-06T15:13:49 WEST" name="afterMethod" finished-at="2024-02-06T15:13:51 WEST" duration-ms="1238" status="PASS">
          <reporter-output>
          </reporter-output>
        </test-method> <!-- afterMethod -->
        <test-method is-config="true" signature="beforeMethod()[pri:0, instance:Probook.NewTest@d6e7bab]" started-at="2024-02-06T15:13:51 WEST" name="beforeMethod" finished-at="2024-02-06T15:13:56 WEST" duration-ms="5092" status="PASS">
          <reporter-output>
          </reporter-output>
        </test-method> <!-- beforeMethod -->
        <test-method signature="Se_connecter(java.lang.String,java.lang.String)[pri:0, instance:Probook.NewTest@d6e7bab]" started-at="2024-02-06T15:13:56 WEST" name="Se_connecter" data-provider="Cas_passant" finished-at="2024-02-06T15:13:59 WEST" duration-ms="3445" status="PASS">
          <params>
            <param index="0">
              <value>
                <![CDATA[oussama]]>
              </value>
            </param>
            <param index="1">
              <value>
                <![CDATA[Afraid742]]>
              </value>
            </param>
          </params>
          <reporter-output>
          </reporter-output>
        </test-method> <!-- Se_connecter -->
        <test-method is-config="true" signature="afterMethod()[pri:0, instance:Probook.NewTest@d6e7bab]" started-at="2024-02-06T15:13:59 WEST" name="afterMethod" finished-at="2024-02-06T15:14:00 WEST" duration-ms="1120" status="PASS">
          <reporter-output>
          </reporter-output>
        </test-method> <!-- afterMethod -->
      </class> <!-- Probook.NewTest -->
    </test> <!-- Surefire test -->
  </suite> <!-- Surefire suite -->
</testng-results>
